-------------------------------------------------------------------------------
Test set: com.example.unitconverter.UnitConverterDualTrackRedTest$UiBoundaryRedTests
-------------------------------------------------------------------------------
Tests run: 6, Failures: 2, Errors: 0, Skipped: 0, Time elapsed: 0.195 s <<< FAILURE! -- in com.example.unitconverter.UnitConverterDualTrackRedTest$UiBoundaryRedTests
com.example.unitconverter.UnitConverterDualTrackRedTest$UiBoundaryRedTests.uiRed001_meterInput_returnsFormattedFeetConversion -- Time elapsed: 0.086 s <<< FAILURE!
org.opentest4j.AssertionFailedError: UI-RED-001 fails until meter:2.5 returns exactly '2.5 meter = 8.202100 feet'. ==> expected: <true> but was: <false>
	at org.junit.jupiter.api.AssertionFailureBuilder.build(AssertionFailureBuilder.java:151)
	at org.junit.jupiter.api.AssertionFailureBuilder.buildAndThrow(AssertionFailureBuilder.java:132)
	at org.junit.jupiter.api.AssertTrue.failNotTrue(AssertTrue.java:63)
	at org.junit.jupiter.api.AssertTrue.assertTrue(AssertTrue.java:36)
	at org.junit.jupiter.api.Assertions.assertTrue(Assertions.java:214)
	at com.example.unitconverter.UnitConverterDualTrackRedTest$UiBoundaryRedTests.uiRed001_meterInput_returnsFormattedFeetConversion(UnitConverterDualTrackRedTest.java:46)
	at java.base/java.lang.reflect.Method.invoke(Method.java:565)
	at java.base/java.util.ArrayList.forEach(ArrayList.java:1604)
	at java.base/java.util.ArrayList.forEach(ArrayList.java:1604)
	at java.base/java.util.ArrayList.forEach(ArrayList.java:1604)

com.example.unitconverter.UnitConverterDualTrackRedTest$UiBoundaryRedTests.uiRed006_jsonOutputRequest_returnsExpectedSchema -- Time elapsed: 0.012 s <<< FAILURE!
org.opentest4j.AssertionFailedError: UI-RED-006 fails until convertInputToJson(String) exists for JSON output requests. ==> Unexpected exception thrown: java.lang.NoSuchMethodException: com.example.unitconverter.UnitConverterService.convertInputToJson(java.lang.String)
	at org.junit.jupiter.api.AssertionFailureBuilder.build(AssertionFailureBuilder.java:152)
	at org.junit.jupiter.api.AssertDoesNotThrow.createAssertionFailedError(AssertDoesNotThrow.java:84)
	at org.junit.jupiter.api.AssertDoesNotThrow.assertDoesNotThrow(AssertDoesNotThrow.java:75)
	at org.junit.jupiter.api.AssertDoesNotThrow.assertDoesNotThrow(AssertDoesNotThrow.java:62)
	at org.junit.jupiter.api.Assertions.assertDoesNotThrow(Assertions.java:3249)
	at com.example.unitconverter.UnitConverterDualTrackRedTest.invokeJsonOutput(UnitConverterDualTrackRedTest.java:262)
	at com.example.unitconverter.UnitConverterDualTrackRedTest$UiBoundaryRedTests.uiRed006_jsonOutputRequest_returnsExpectedSchema(UnitConverterDualTrackRedTest.java:113)
	at java.base/java.lang.reflect.Method.invoke(Method.java:565)
	at java.base/java.util.ArrayList.forEach(ArrayList.java:1604)
	at java.base/java.util.ArrayList.forEach(ArrayList.java:1604)
	at java.base/java.util.ArrayList.forEach(ArrayList.java:1604)
Caused by: java.lang.NoSuchMethodException: com.example.unitconverter.UnitConverterService.convertInputToJson(java.lang.String)
	at java.base/java.lang.Class.getMethod(Class.java:2166)
	at com.example.unitconverter.UnitConverterDualTrackRedTest.lambda$invokeJsonOutput$0(UnitConverterDualTrackRedTest.java:263)
	at org.junit.jupiter.api.AssertDoesNotThrow.assertDoesNotThrow(AssertDoesNotThrow.java:71)
	... 8 more

