<?xml version="1.0" encoding="UTF-8"?>
<testsuite xmlns:xsi="http://www.w3.org/2001/XMLSchema-instance" xsi:noNamespaceSchemaLocation="https://maven.apache.org/surefire/maven-surefire-plugin/xsd/surefire-test-report-3.0.xsd" version="3.0" name="com.example.unitconverter.UnitConverterDualTrackRedTest" time="0.236" tests="12" errors="0" skipped="0" failures="9">
  <properties>
[...]
</properties>
  <testcase name="convert_meter_to_feet_returns_correct_ratio" classname="com.example.unitconverter.UnitConverterDualTrackRedTest" time="0.018"/>
  <testcase name="convert_meter_to_yard_returns_correct_ratio" classname="com.example.unitconverter.UnitConverterDualTrackRedTest" time="0.05">
    <failure message="RED" type="org.opentest4j.AssertionFailedError"><![CDATA[org.opentest4j.AssertionFailedError: RED
	at org.junit.jupiter.api.AssertionUtils.fail(AssertionUtils.java:38)
	at org.junit.jupiter.api.Assertions.fail(Assertions.java:138)
	at com.example.unitconverter.UnitConverterDualTrackRedTest.convert_meter_to_yard_returns_correct_ratio(UnitConverterDualTrackRedTest.java:60)
	at java.base/java.lang.reflect.Method.invoke(Method.java:565)
	at java.base/java.util.ArrayList.forEach(ArrayList.java:1604)
	at java.base/java.util.ArrayList.forEach(ArrayList.java:1604)
]]></failure>
  </testcase>
  <testcase name="ui_missing_colon_input_throws_illegal_argument_exception" classname="com.example.unitconverter.UnitConverterDualTrackRedTest" time="0.019"/>
  <testcase name="ui_json_output_request_returns_expected_schema" classname="com.example.unitconverter.UnitConverterDualTrackRedTest" time="0.007">
    <failure message="RED" type="org.opentest4j.AssertionFailedError"><![CDATA[org.opentest4j.AssertionFailedError: RED
	at org.junit.jupiter.api.AssertionUtils.fail(AssertionUtils.java:38)
	at org.junit.jupiter.api.Assertions.fail(Assertions.java:138)
	at com.example.unitconverter.UnitConverterDualTrackRedTest.ui_json_output_request_returns_expected_schema(UnitConverterDualTrackRedTest.java:48)
	at java.base/java.lang.reflect.Method.invoke(Method.java:565)
	at java.base/java.util.ArrayList.forEach(ArrayList.java:1604)
	at java.base/java.util.ArrayList.forEach(ArrayList.java:1604)
]]></failure>
  </testcase>
  <testcase name="ui_output_preserves_original_unit_and_value" classname="com.example.unitconverter.UnitConverterDualTrackRedTest" time="0.011">
    <failure message="RED" type="org.opentest4j.AssertionFailedError"><![CDATA[org.opentest4j.AssertionFailedError: RED
	at org.junit.jupiter.api.AssertionUtils.fail(AssertionUtils.java:38)
	at org.junit.jupiter.api.Assertions.fail(Assertions.java:138)
	at com.example.unitconverter.UnitConverterDualTrackRedTest.ui_output_preserves_original_unit_and_value(UnitConverterDualTrackRedTest.java:43)
	at java.base/java.lang.reflect.Method.invoke(Method.java:565)
	at java.base/java.util.ArrayList.forEach(ArrayList.java:1604)
	at java.base/java.util.ArrayList.forEach(ArrayList.java:1604)
]]></failure>
  </testcase>
  <testcase name="register_unit_allows_conversion_with_new_unit" classname="com.example.unitconverter.UnitConverterDualTrackRedTest" time="0.013">
    <failure message="RED" type="org.opentest4j.AssertionFailedError"><![CDATA[org.opentest4j.AssertionFailedError: RED
	at org.junit.jupiter.api.AssertionUtils.fail(AssertionUtils.java:38)
	at org.junit.jupiter.api.Assertions.fail(Assertions.java:138)
	at com.example.unitconverter.UnitConverterDualTrackRedTest.register_unit_allows_conversion_with_new_unit(UnitConverterDualTrackRedTest.java:70)
	at java.base/java.lang.reflect.Method.invoke(Method.java:565)
	at java.base/java.util.ArrayList.forEach(ArrayList.java:1604)
	at java.base/java.util.ArrayList.forEach(ArrayList.java:1604)
]]></failure>
  </testcase>
  <testcase name="ui_negative_value_input_throws_illegal_argument_exception" classname="com.example.unitconverter.UnitConverterDualTrackRedTest" time="0.004">
    <failure message="RED" type="org.opentest4j.AssertionFailedError"><![CDATA[org.opentest4j.AssertionFailedError: RED
	at org.junit.jupiter.api.AssertionUtils.fail(AssertionUtils.java:38)
	at org.junit.jupiter.api.Assertions.fail(Assertions.java:138)
	at com.example.unitconverter.UnitConverterDualTrackRedTest.ui_negative_value_input_throws_illegal_argument_exception(UnitConverterDualTrackRedTest.java:33)
	at java.base/java.lang.reflect.Method.invoke(Method.java:565)
	at java.base/java.util.ArrayList.forEach(ArrayList.java:1604)
	at java.base/java.util.ArrayList.forEach(ArrayList.java:1604)
]]></failure>
  </testcase>
  <testcase name="load_config_applies_json_and_yaml_ratios" classname="com.example.unitconverter.UnitConverterDualTrackRedTest" time="0.005">
    <failure message="RED" type="org.opentest4j.AssertionFailedError"><![CDATA[org.opentest4j.AssertionFailedError: RED
	at org.junit.jupiter.api.AssertionUtils.fail(AssertionUtils.java:38)
	at org.junit.jupiter.api.Assertions.fail(Assertions.java:138)
	at com.example.unitconverter.UnitConverterDualTrackRedTest.load_config_applies_json_and_yaml_ratios(UnitConverterDualTrackRedTest.java:75)
	at java.base/java.lang.reflect.Method.invoke(Method.java:565)
	at java.base/java.util.ArrayList.forEach(ArrayList.java:1604)
	at java.base/java.util.ArrayList.forEach(ArrayList.java:1604)
]]></failure>
  </testcase>
  <testcase name="ui_valid_meter_input_returns_conversion_result" classname="com.example.unitconverter.UnitConverterDualTrackRedTest" time="0.022"/>
  <testcase name="ui_unknown_unit_input_throws_illegal_argument_exception" classname="com.example.unitconverter.UnitConverterDualTrackRedTest" time="0.005">
    <failure message="RED" type="org.opentest4j.AssertionFailedError"><![CDATA[org.opentest4j.AssertionFailedError: RED
	at org.junit.jupiter.api.AssertionUtils.fail(AssertionUtils.java:38)
	at org.junit.jupiter.api.Assertions.fail(Assertions.java:138)
	at com.example.unitconverter.UnitConverterDualTrackRedTest.ui_unknown_unit_input_throws_illegal_argument_exception(UnitConverterDualTrackRedTest.java:38)
	at java.base/java.lang.reflect.Method.invoke(Method.java:565)
	at java.base/java.util.ArrayList.forEach(ArrayList.java:1604)
	at java.base/java.util.ArrayList.forEach(ArrayList.java:1604)
]]></failure>
  </testcase>
  <testcase name="load_config_missing_path_keeps_default_ratios" classname="com.example.unitconverter.UnitConverterDualTrackRedTest" time="0.003">
    <failure message="RED" type="org.opentest4j.AssertionFailedError"><![CDATA[org.opentest4j.AssertionFailedError: RED
	at org.junit.jupiter.api.AssertionUtils.fail(AssertionUtils.java:38)
	at org.junit.jupiter.api.Assertions.fail(Assertions.java:138)
	at com.example.unitconverter.UnitConverterDualTrackRedTest.load_config_missing_path_keeps_default_ratios(UnitConverterDualTrackRedTest.java:80)
	at java.base/java.lang.reflect.Method.invoke(Method.java:565)
	at java.base/java.util.ArrayList.forEach(ArrayList.java:1604)
	at java.base/java.util.ArrayList.forEach(ArrayList.java:1604)
]]></failure>
  </testcase>
  <testcase name="convert_all_returns_all_registered_unit_conversions" classname="com.example.unitconverter.UnitConverterDualTrackRedTest" time="0.003">
    <failure message="RED" type="org.opentest4j.AssertionFailedError"><![CDATA[org.opentest4j.AssertionFailedError: RED
	at org.junit.jupiter.api.AssertionUtils.fail(AssertionUtils.java:38)
	at org.junit.jupiter.api.Assertions.fail(Assertions.java:138)
	at com.example.unitconverter.UnitConverterDualTrackRedTest.convert_all_returns_all_registered_unit_conversions(UnitConverterDualTrackRedTest.java:65)
	at java.base/java.lang.reflect.Method.invoke(Method.java:565)
	at java.base/java.util.ArrayList.forEach(ArrayList.java:1604)
	at java.base/java.util.ArrayList.forEach(ArrayList.java:1604)
]]></failure>
  </testcase>
</testsuite>