<?xml version="1.0" encoding="UTF-8"?>
<testsuite xmlns:xsi="http://www.w3.org/2001/XMLSchema-instance" xsi:noNamespaceSchemaLocation="https://maven.apache.org/surefire/maven-surefire-plugin/xsd/surefire-test-report-3.0.xsd" version="3.0" name="com.example.unitconverter.UnitConverterDualTrackRedTest" time="0.683" tests="1" errors="0" skipped="0" failures="0">
  <properties>
[...]
</properties>
  <testcase name="ui_valid_meter_input_returns_conversion_result" classname="com.example.unitconverter.UnitConverterDualTrackRedTest" time="0.383"/>
</testsuite>