<?xml version="1.0" encoding="UTF-8"?>
<testsuite xmlns:xsi="http://www.w3.org/2001/XMLSchema-instance" xsi:noNamespaceSchemaLocation="https://maven.apache.org/surefire/maven-surefire-plugin/xsd/surefire-test-report-3.0.xsd" version="3.0" name="com.example.unitconverter.UnitConverterDualTrackRedTest$UiBoundaryRedTests" time="0.195" tests="6" errors="0" skipped="0" failures="2">
  <properties>
[...]
</properties>
  <testcase name="uiRed001_meterInput_returnsFormattedFeetConversion" classname="com.example.unitconverter.UnitConverterDualTrackRedTest$UiBoundaryRedTests" time="0.086">
    <failure message="UI-RED-001 fails until meter:2.5 returns exactly &apos;2.5 meter = 8.202100 feet&apos;. ==&gt; expected: &lt;true&gt; but was: &lt;false&gt;" type="org.opentest4j.AssertionFailedError"><![CDATA[org.opentest4j.AssertionFailedError: UI-RED-001 fails until meter:2.5 returns exactly '2.5 meter = 8.202100 feet'. ==> expected: <true> but was: <false>
	at org.junit.jupiter.api.AssertionFailureBuilder.build(AssertionFailureBuilder.java:151)
	at org.junit.jupiter.api.AssertionFailureBuilder.buildAndThrow(AssertionFailureBuilder.java:132)
	at org.junit.jupiter.api.AssertTrue.failNotTrue(AssertTrue.java:63)
	at org.junit.jupiter.api.AssertTrue.assertTrue(AssertTrue.java:36)
	at org.junit.jupiter.api.Assertions.assertTrue(Assertions.java:214)
	at com.example.unitconverter.UnitConverterDualTrackRedTest$UiBoundaryRedTests.uiRed001_meterInput_returnsFormattedFeetConversion(UnitConverterDualTrackRedTest.java:46)
	at java.base/java.lang.reflect.Method.invoke(Method.java:565)
	at java.base/java.util.ArrayList.forEach(ArrayList.java:1604)
	at java.base/java.util.ArrayList.forEach(ArrayList.java:1604)
	at java.base/java.util.ArrayList.forEach(ArrayList.java:1604)
]]></failure>
  </testcase>
  <testcase name="uiRed003_negativeValue_throwsIllegalArgumentException" classname="com.example.unitconverter.UnitConverterDualTrackRedTest$UiBoundaryRedTests" time="0.017"/>
  <testcase name="uiRed004_unknownUnit_throwsIllegalArgumentException" classname="com.example.unitconverter.UnitConverterDualTrackRedTest$UiBoundaryRedTests" time="0.011"/>
  <testcase name="uiRed005_outputPreservesOriginalUnitAndValue" classname="com.example.unitconverter.UnitConverterDualTrackRedTest$UiBoundaryRedTests" time="0.01"/>
  <testcase name="uiRed006_jsonOutputRequest_returnsExpectedSchema" classname="com.example.unitconverter.UnitConverterDualTrackRedTest$UiBoundaryRedTests" time="0.012">
    <failure message="UI-RED-006 fails until convertInputToJson(String) exists for JSON output requests. ==&gt; Unexpected exception thrown: java.lang.NoSuchMethodException: com.example.unitconverter.UnitConverterService.convertInputToJson(java.lang.String)" type="org.opentest4j.AssertionFailedError"><![CDATA[org.opentest4j.AssertionFailedError: UI-RED-006 fails until convertInputToJson(String) exists for JSON output requests. ==> Unexpected exception thrown: java.lang.NoSuchMethodException: com.example.unitconverter.UnitConverterService.convertInputToJson(java.lang.String)
	at org.junit.jupiter.api.AssertionFailureBuilder.build(AssertionFailureBuilder.java:152)
	at org.junit.jupiter.api.AssertDoesNotThrow.createAssertionFailedError(AssertDoesNotThrow.java:84)
	at org.junit.jupiter.api.AssertDoesNotThrow.assertDoesNotThrow(AssertDoesNotThrow.java:75)
	at org.junit.jupiter.api.AssertDoesNotThrow.assertDoesNotThrow(AssertDoesNotThrow.java:62)
	at org.junit.jupiter.api.Assertions.assertDoesNotThrow(Assertions.java:3249)
	at com.example.unitconverter.UnitConverterDualTrackRedTest.invokeJsonOutput(UnitConverterDualTrackRedTest.java:262)
	at com.example.unitconverter.UnitConverterDualTrackRedTest$UiBoundaryRedTests.uiRed006_jsonOutputRequest_returnsExpectedSchema(UnitConverterDualTrackRedTest.java:113)
	at java.base/java.lang.reflect.Method.invoke(Method.java:565)
	at java.base/java.util.ArrayList.forEach(ArrayList.java:1604)
	at java.base/java.util.ArrayList.forEach(ArrayList.java:1604)
	at java.base/java.util.ArrayList.forEach(ArrayList.java:1604)
Caused by: java.lang.NoSuchMethodException: com.example.unitconverter.UnitConverterService.convertInputToJson(java.lang.String)
	at java.base/java.lang.Class.getMethod(Class.java:2166)
	at com.example.unitconverter.UnitConverterDualTrackRedTest.lambda$invokeJsonOutput$0(UnitConverterDualTrackRedTest.java:263)
	at org.junit.jupiter.api.AssertDoesNotThrow.assertDoesNotThrow(AssertDoesNotThrow.java:71)
	... 8 more
]]></failure>
  </testcase>
  <testcase name="uiRed002_missingColon_throwsIllegalArgumentException" classname="com.example.unitconverter.UnitConverterDualTrackRedTest$UiBoundaryRedTests" time="0.012"/>
</testsuite>